time="2024-03-28T02:08:17+07:00" level=info msg="[/Users/fauzannurhidayat/Documents/Go-Lang/seblak-bombom-restful-api/internal/config/gorm.go:26 dial tcp [::1]:3306: connect: connection refused]"
time="2024-03-28T02:10:15+07:00" level=info msg="[/Users/fauzannurhidayat/Documents/Go-Lang/seblak-bombom-restful-api/internal/config/gorm.go:26 invalid URL escape \"%!(\"]"
time="2024-03-28T02:10:40+07:00" level=info msg="[/Users/fauzannurhidayat/Documents/Go-Lang/seblak-bombom-restful-api/internal/config/gorm.go:26 dial tcp [::1]:3306: connect: connection refused]"
time="2024-03-28T02:12:20+07:00" level=info msg="[/Users/fauzannurhidayat/Documents/Go-Lang/seblak-bombom-restful-api/internal/config/gorm.go:26 dial tcp [::1]:3306: connect: connection refused]"
time="2024-03-28T02:22:21+07:00" level=error msg="Cannot POST /api/users"
time="2024-03-28T02:23:55+07:00" level=error msg="Cannot POST /api/users"
time="2024-03-28T02:26:08+07:00" level=error msg="Cannot POST /api/users"
time="2024-03-28T02:32:47+07:00" level=error msg="Bad Request"
time="2024-03-28T02:51:38+07:00" level=error msg="Bad Request"
time="2024-03-28T02:51:50+07:00" level=error msg="Bad Request"
time="2024-03-28T02:54:24+07:00" level=info msg="[/Users/fauzannurhidayat/Documents/Go-Lang/seblak-bombom-restful-api/internal/repository/repository.go:26 18.356784 0 SELECT * FROM `users` WHERE email = ? ORDER BY `users`.`id` LIMIT ?]"
time="2024-03-28T02:54:24+07:00" level=error msg=Conflict
time="2024-03-28T03:02:44+07:00" level=info msg="[/Users/fauzannurhidayat/Documents/Go-Lang/seblak-bombom-restful-api/internal/repository/repository.go:27 4.574218 1 SELECT count(*) FROM `users` WHERE email = ?]"
time="2024-03-28T03:02:44+07:00" level=info msg="[/Users/fauzannurhidayat/Documents/Go-Lang/seblak-bombom-restful-api/internal/repository/repository.go:10 1.010074 1 INSERT INTO `users` (`first_name`,`last_name`,`email`,`phone`,`password`,`created_at`,`updated_at`) VALUES (?,?,?,?,?,?,?)]"
time="2024-03-28T13:46:17+07:00" level=info msg="[/Users/fauzannurhidayat/Documents/Go-Lang/seblak-bombom-restful-api/internal/repository/repository.go:27 3.413379 1 SELECT count(*) FROM `users` WHERE email = ?]"
time="2024-03-28T13:46:17+07:00" level=info msg="[/Users/fauzannurhidayat/Documents/Go-Lang/seblak-bombom-restful-api/internal/repository/repository.go:10 0.91762 1 INSERT INTO `users` (`first_name`,`last_name`,`email`,`phone`,`password`,`created_at`,`updated_at`) VALUES (?,?,?,?,?,?,?)]"
time="2024-03-28T13:59:49+07:00" level=info msg="[/Users/fauzannurhidayat/Documents/Go-Lang/seblak-bombom-restful-api/internal/repository/repository.go:27 3.332939 1 SELECT count(*) FROM `users` WHERE email = ?]"
time="2024-03-28T13:59:49+07:00" level=info msg="[/Users/fauzannurhidayat/Documents/Go-Lang/seblak-bombom-restful-api/internal/repository/repository.go:10 1.607523 1 INSERT INTO `users` (`first_name`,`last_name`,`email`,`phone`,`password`,`created_at`,`updated_at`) VALUES (?,?,?,?,?,?,?)]"
time="2024-03-28T14:48:01+07:00" level=error msg="Method Not Allowed"
time="2024-03-28T14:48:08+07:00" level=error msg=Unauthorized
time="2024-03-28T14:48:17+07:00" level=error msg=Unauthorized
time="2024-03-28T15:25:20+07:00" level=error msg=Unauthorized
time="2024-03-28T15:28:34+07:00" level=error msg=Unauthorized
time="2024-03-28T15:33:37+07:00" level=error msg=Unauthorized
time="2024-03-28T15:37:03+07:00" level=error msg=Unauthorized
time="2024-03-28T17:23:06+07:00" level=info msg="[/Users/fauzannurhidayat/Documents/Go-Lang/seblak-bombom-restful-api/internal/repository/repository.go:26 18.915519 1 SELECT * FROM `users` WHERE email = ? ORDER BY `users`.`id` LIMIT ?]"
time="2024-03-28T17:26:35+07:00" level=info msg="[/Users/fauzannurhidayat/Documents/Go-Lang/seblak-bombom-restful-api/internal/repository/repository.go:26 3.680804 1 SELECT * FROM `users` WHERE email = ? ORDER BY `users`.`id` LIMIT ?]"
time="2024-03-28T17:26:35+07:00" level=info msg="[/Users/fauzannurhidayat/Documents/Go-Lang/seblak-bombom-restful-api/internal/repository/repository.go:14 2.078726 1 INSERT INTO `tokens` (`token`,`user_id`,`expiry_date`,`created_at`,`updated_at`) VALUES (?,?,?,?,?) ON DUPLICATE KEY UPDATE `user_id`=VALUES(`user_id`)]"
time="2024-03-28T17:26:35+07:00" level=info msg="[/Users/fauzannurhidayat/Documents/Go-Lang/seblak-bombom-restful-api/internal/repository/repository.go:14 11.951233 1 UPDATE `users` SET `first_name`=?,`last_name`=?,`email`=?,`phone`=?,`password`=?,`updated_at`=? WHERE `id` = ?]"
time="2024-03-28T17:29:24+07:00" level=info msg="[/Users/fauzannurhidayat/Documents/Go-Lang/seblak-bombom-restful-api/internal/repository/repository.go:26 3.443217 1 SELECT * FROM `users` WHERE email = ? ORDER BY `users`.`id` LIMIT ?]"
time="2024-03-28T17:29:25+07:00" level=error msg=Unauthorized
time="2024-03-28T17:29:57+07:00" level=info msg="[/Users/fauzannurhidayat/Documents/Go-Lang/seblak-bombom-restful-api/internal/repository/repository.go:26 2.004425 1 SELECT * FROM `users` WHERE email = ? ORDER BY `users`.`id` LIMIT ?]"
time="2024-03-28T17:29:57+07:00" level=info msg="[/Users/fauzannurhidayat/Documents/Go-Lang/seblak-bombom-restful-api/internal/repository/repository.go:14 0.700308 1 INSERT INTO `tokens` (`token`,`user_id`,`expiry_date`,`created_at`,`updated_at`) VALUES (?,?,?,?,?) ON DUPLICATE KEY UPDATE `user_id`=VALUES(`user_id`)]"
time="2024-03-28T17:29:57+07:00" level=info msg="[/Users/fauzannurhidayat/Documents/Go-Lang/seblak-bombom-restful-api/internal/repository/repository.go:14 4.619713 1 UPDATE `users` SET `first_name`=?,`last_name`=?,`email`=?,`phone`=?,`password`=?,`updated_at`=? WHERE `id` = ?]"
time="2024-03-28T17:31:31+07:00" level=info msg="[/Users/fauzannurhidayat/Documents/Go-Lang/seblak-bombom-restful-api/internal/repository/repository.go:22 9.864997 1 SELECT * FROM `users` WHERE email = ? ORDER BY `users`.`id` LIMIT ?]"
time="2024-03-28T17:31:31+07:00" level=info msg="[/Users/fauzannurhidayat/Documents/Go-Lang/seblak-bombom-restful-api/internal/repository/repository.go:14 0.75176 1 INSERT INTO `tokens` (`token`,`user_id`,`expiry_date`,`created_at`,`updated_at`) VALUES (?,?,?,?,?) ON DUPLICATE KEY UPDATE `user_id`=VALUES(`user_id`)]"
time="2024-03-28T17:31:31+07:00" level=info msg="[/Users/fauzannurhidayat/Documents/Go-Lang/seblak-bombom-restful-api/internal/repository/repository.go:14 2.988902 1 UPDATE `users` SET `first_name`=?,`last_name`=?,`email`=?,`phone`=?,`password`=?,`updated_at`=? WHERE `id` = ?]"
time="2024-03-29T01:54:46+07:00" level=info msg="[/Users/fauzannurhidayat/Documents/Go-Lang/seblak-bombom-restful-api/internal/repository/repository.go:26 3.422649 1 SELECT * FROM `users` WHERE email = ? ORDER BY `users`.`id` LIMIT ?]"
time="2024-03-29T01:54:46+07:00" level=info msg="[/Users/fauzannurhidayat/Documents/Go-Lang/seblak-bombom-restful-api/internal/repository/repository.go:18 1.567395 1 SELECT * FROM `tokens` WHERE user_id = ?]"
time="2024-03-29T01:54:46+07:00" level=info msg="[/Users/fauzannurhidayat/Documents/Go-Lang/seblak-bombom-restful-api/internal/repository/repository.go:14 0.883556 1 INSERT INTO `tokens` (`token`,`user_id`,`expiry_date`,`created_at`,`updated_at`) VALUES (?,?,?,?,?) ON DUPLICATE KEY UPDATE `user_id`=VALUES(`user_id`)]"
time="2024-03-29T01:54:46+07:00" level=info msg="[/Users/fauzannurhidayat/Documents/Go-Lang/seblak-bombom-restful-api/internal/repository/repository.go:14 3.901846 1 UPDATE `users` SET `first_name`=?,`last_name`=?,`email`=?,`phone`=?,`password`=?,`updated_at`=? WHERE `id` = ?]"
time="2024-03-29T01:55:55+07:00" level=info msg="[/Users/fauzannurhidayat/Documents/Go-Lang/seblak-bombom-restful-api/internal/repository/repository.go:26 4.572194 1 SELECT * FROM `users` WHERE email = ? ORDER BY `users`.`id` LIMIT ?]"
time="2024-03-29T01:55:55+07:00" level=info msg="[/Users/fauzannurhidayat/Documents/Go-Lang/seblak-bombom-restful-api/internal/repository/repository.go:18 9.959035 1 SELECT * FROM `tokens` WHERE user_id = ?]"
time="2024-03-29T01:55:55+07:00" level=info msg="[/Users/fauzannurhidayat/Documents/Go-Lang/seblak-bombom-restful-api/internal/repository/repository.go:14 2.591198 1 INSERT INTO `tokens` (`token`,`user_id`,`expiry_date`,`created_at`,`updated_at`) VALUES (?,?,?,?,?) ON DUPLICATE KEY UPDATE `user_id`=VALUES(`user_id`)]"
time="2024-03-29T01:55:55+07:00" level=info msg="[/Users/fauzannurhidayat/Documents/Go-Lang/seblak-bombom-restful-api/internal/repository/repository.go:14 11.64336 1 UPDATE `users` SET `first_name`=?,`last_name`=?,`email`=?,`phone`=?,`password`=?,`updated_at`=? WHERE `id` = ?]"
time="2024-03-29T01:56:15+07:00" level=info msg="[/Users/fauzannurhidayat/Documents/Go-Lang/seblak-bombom-restful-api/internal/repository/repository.go:26 3.285705 1 SELECT * FROM `users` WHERE email = ? ORDER BY `users`.`id` LIMIT ?]"
time="2024-03-29T01:56:15+07:00" level=info msg="[/Users/fauzannurhidayat/Documents/Go-Lang/seblak-bombom-restful-api/internal/repository/repository.go:18 0.713223 1 SELECT * FROM `tokens` WHERE user_id = ?]"
time="2024-03-29T01:57:22+07:00" level=info msg="[/Users/fauzannurhidayat/Documents/Go-Lang/seblak-bombom-restful-api/internal/repository/repository.go:26 3.261697 1 SELECT * FROM `users` WHERE email = ? ORDER BY `users`.`id` LIMIT ?]"
time="2024-03-29T01:57:22+07:00" level=info msg="[/Users/fauzannurhidayat/Documents/Go-Lang/seblak-bombom-restful-api/internal/repository/repository.go:18 0.639344 1 SELECT * FROM `tokens` WHERE user_id = ?]"
time="2024-03-29T01:58:13+07:00" level=info msg="[/Users/fauzannurhidayat/Documents/Go-Lang/seblak-bombom-restful-api/internal/repository/repository.go:26 2.597707 1 SELECT * FROM `users` WHERE email = ? ORDER BY `users`.`id` LIMIT ?]"
time="2024-03-29T01:58:13+07:00" level=info msg="[/Users/fauzannurhidayat/Documents/Go-Lang/seblak-bombom-restful-api/internal/repository/repository.go:18 0.862834 1 SELECT * FROM `tokens` WHERE user_id = ?]"
time="2024-03-29T01:58:53+07:00" level=info msg="[/Users/fauzannurhidayat/Documents/Go-Lang/seblak-bombom-restful-api/internal/repository/repository.go:26 3.291736 1 SELECT * FROM `users` WHERE email = ? ORDER BY `users`.`id` LIMIT ?]"
time="2024-03-29T01:58:53+07:00" level=info msg="[/Users/fauzannurhidayat/Documents/Go-Lang/seblak-bombom-restful-api/internal/repository/repository.go:18 0.9539 1 SELECT * FROM `tokens` WHERE user_id = ?]"
time="2024-03-29T01:58:53+07:00" level=info msg="[/Users/fauzannurhidayat/Documents/Go-Lang/seblak-bombom-restful-api/internal/repository/repository.go:14 0.674931 1 INSERT INTO `tokens` (`token`,`user_id`,`expiry_date`,`created_at`,`updated_at`) VALUES (?,?,?,?,?) ON DUPLICATE KEY UPDATE `user_id`=VALUES(`user_id`)]"
time="2024-03-29T01:58:53+07:00" level=info msg="[/Users/fauzannurhidayat/Documents/Go-Lang/seblak-bombom-restful-api/internal/repository/repository.go:14 2.918035 1 UPDATE `users` SET `first_name`=?,`last_name`=?,`email`=?,`phone`=?,`password`=?,`updated_at`=? WHERE `id` = ?]"
time="2024-03-29T02:01:49+07:00" level=info msg="[/Users/fauzannurhidayat/Documents/Go-Lang/seblak-bombom-restful-api/internal/repository/repository.go:26 2.172671 1 SELECT * FROM `users` WHERE email = ? ORDER BY `users`.`id` LIMIT ?]"
time="2024-03-29T02:01:49+07:00" level=info msg="[/Users/fauzannurhidayat/Documents/Go-Lang/seblak-bombom-restful-api/internal/repository/repository.go:14 0.728682 1 INSERT INTO `tokens` (`token`,`user_id`,`expiry_date`,`created_at`,`updated_at`) VALUES (?,?,?,?,?) ON DUPLICATE KEY UPDATE `user_id`=VALUES(`user_id`)]"
time="2024-03-29T02:01:49+07:00" level=info msg="[/Users/fauzannurhidayat/Documents/Go-Lang/seblak-bombom-restful-api/internal/repository/repository.go:14 2.957734 1 UPDATE `users` SET `first_name`=?,`last_name`=?,`email`=?,`phone`=?,`password`=?,`updated_at`=? WHERE `id` = ?]"
time="2024-03-29T02:03:54+07:00" level=info msg="[/Users/fauzannurhidayat/Documents/Go-Lang/seblak-bombom-restful-api/internal/repository/repository.go:26 3.819467 1 SELECT * FROM `users` WHERE email = ? ORDER BY `users`.`id` LIMIT ?]"
time="2024-03-29T02:03:54+07:00" level=info msg="[/Users/fauzannurhidayat/Documents/Go-Lang/seblak-bombom-restful-api/internal/repository/repository.go:18 3.775766 1 SELECT * FROM `tokens` WHERE user_id = ?]"
time="2024-03-29T02:03:54+07:00" level=info msg="[/Users/fauzannurhidayat/Documents/Go-Lang/seblak-bombom-restful-api/internal/repository/repository.go:14 2.347719 1 UPDATE `tokens` SET `token`=?,`user_id`=?,`expiry_date`=?,`updated_at`=? WHERE `id` = ?]"
time="2024-03-29T02:04:45+07:00" level=info msg="[/Users/fauzannurhidayat/Documents/Go-Lang/seblak-bombom-restful-api/internal/repository/repository.go:26 2.41143 1 SELECT * FROM `users` WHERE email = ? ORDER BY `users`.`id` LIMIT ?]"
time="2024-03-29T02:04:45+07:00" level=info msg="[/Users/fauzannurhidayat/Documents/Go-Lang/seblak-bombom-restful-api/internal/repository/repository.go:18 0.712605 1 SELECT * FROM `tokens` WHERE user_id = ?]"
time="2024-03-29T02:04:45+07:00" level=info msg="[/Users/fauzannurhidayat/Documents/Go-Lang/seblak-bombom-restful-api/internal/repository/repository.go:14 1.206795 1 UPDATE `tokens` SET `token`=?,`user_id`=?,`expiry_date`=?,`updated_at`=? WHERE `id` = ?]"
time="2024-03-29T02:07:08+07:00" level=info msg="[/Users/fauzannurhidayat/Documents/Go-Lang/seblak-bombom-restful-api/internal/repository/repository.go:26 5.400961 1 SELECT * FROM `users` WHERE email = ? ORDER BY `users`.`id` LIMIT ?]"
time="2024-03-29T02:07:08+07:00" level=info msg="[/Users/fauzannurhidayat/Documents/Go-Lang/seblak-bombom-restful-api/internal/repository/repository.go:18 4.225137 1 SELECT * FROM `tokens` WHERE user_id = ?]"
time="2024-03-29T02:07:08+07:00" level=info msg="[/Users/fauzannurhidayat/Documents/Go-Lang/seblak-bombom-restful-api/internal/repository/repository.go:14 1.544444 1 UPDATE `tokens` SET `token`=?,`user_id`=?,`expiry_date`=?,`updated_at`=? WHERE `id` = ?]"
time="2024-03-29T02:07:49+07:00" level=info msg="[/Users/fauzannurhidayat/Documents/Go-Lang/seblak-bombom-restful-api/internal/repository/repository.go:26 4.56016 1 SELECT * FROM `users` WHERE email = ? ORDER BY `users`.`id` LIMIT ?]"
time="2024-03-29T02:07:49+07:00" level=info msg="[/Users/fauzannurhidayat/Documents/Go-Lang/seblak-bombom-restful-api/internal/repository/repository.go:18 2.668574 1 SELECT * FROM `tokens` WHERE user_id = ?]"
time="2024-03-29T02:07:49+07:00" level=info msg="[/Users/fauzannurhidayat/Documents/Go-Lang/seblak-bombom-restful-api/internal/repository/repository.go:14 2.706972 1 UPDATE `tokens` SET `token`=?,`user_id`=?,`expiry_date`=?,`updated_at`=? WHERE `id` = ?]"
time="2024-03-29T02:38:50+07:00" level=error msg="Method Not Allowed"
time="2024-03-29T02:39:14+07:00" level=error msg="Bad Request"
time="2024-03-29T02:39:42+07:00" level=info msg="[/Users/fauzannurhidayat/Documents/Go-Lang/seblak-bombom-restful-api/internal/repository/repository.go:22 4.532353 1 SELECT * FROM `tokens` WHERE token = ? ORDER BY `tokens`.`id` LIMIT ?]"
time="2024-03-29T02:41:54+07:00" level=info msg="[/Users/fauzannurhidayat/Documents/Go-Lang/seblak-bombom-restful-api/internal/repository/repository.go:22 1.573038 1 SELECT * FROM `tokens` WHERE token = ?]"
time="2024-03-29T02:46:40+07:00" level=info msg="[/Users/fauzannurhidayat/Documents/Go-Lang/seblak-bombom-restful-api/internal/repository/repository.go:22 2.343339 1 SELECT * FROM `tokens` WHERE token = ?]"
time="2024-03-29T02:48:38+07:00" level=info msg="[/Users/fauzannurhidayat/Documents/Go-Lang/seblak-bombom-restful-api/internal/repository/repository.go:22 2.146204 1 SELECT * FROM `tokens` WHERE token = ?]"
time="2024-03-29T02:50:23+07:00" level=info msg="[/Users/fauzannurhidayat/Documents/Go-Lang/seblak-bombom-restful-api/internal/repository/repository.go:22 4.56694 1 SELECT * FROM `tokens` WHERE token = ?]"
time="2024-03-29T02:52:29+07:00" level=info msg="[/Users/fauzannurhidayat/Documents/Go-Lang/seblak-bombom-restful-api/internal/repository/repository.go:30 4.98629 1 SELECT * FROM `users` WHERE email = ? ORDER BY `users`.`id` LIMIT ?]"
time="2024-03-29T02:52:29+07:00" level=info msg="[/Users/fauzannurhidayat/Documents/Go-Lang/seblak-bombom-restful-api/internal/repository/repository.go:18 0.89822 1 SELECT * FROM `tokens` WHERE user_id = ?]"
time="2024-03-29T02:52:29+07:00" level=info msg="[/Users/fauzannurhidayat/Documents/Go-Lang/seblak-bombom-restful-api/internal/repository/repository.go:14 1.798685 1 UPDATE `tokens` SET `token`=?,`user_id`=?,`expiry_date`=?,`updated_at`=? WHERE `id` = ?]"
time="2024-03-29T02:52:36+07:00" level=info msg="[/Users/fauzannurhidayat/Documents/Go-Lang/seblak-bombom-restful-api/internal/repository/repository.go:22 1.211741 1 SELECT * FROM `tokens` WHERE token = ?]"
time="2024-03-29T02:54:46+07:00" level=info msg="[/Users/fauzannurhidayat/Documents/Go-Lang/seblak-bombom-restful-api/internal/repository/repository.go:22 2.335057 1 SELECT * FROM `tokens` WHERE token = ?]"
time="2024-03-29T02:54:46+07:00" level=info msg="[/Users/fauzannurhidayat/Documents/Go-Lang/seblak-bombom-restful-api/internal/repository/repository.go:34 0.872728 1 SELECT * FROM `users` WHERE id = ? ORDER BY `users`.`id` LIMIT ?]"
time="2024-03-29T02:55:08+07:00" level=info msg="[/Users/fauzannurhidayat/Documents/Go-Lang/seblak-bombom-restful-api/internal/repository/repository.go:22 1.186214 0 SELECT * FROM `tokens` WHERE token = ?]"
time="2024-03-29T02:55:08+07:00" level=info msg="[/Users/fauzannurhidayat/Documents/Go-Lang/seblak-bombom-restful-api/internal/repository/repository.go:34 0.838138 0 SELECT * FROM `users` WHERE id = ? ORDER BY `users`.`id` LIMIT ?]"
time="2024-03-29T02:55:08+07:00" level=error msg="Not Found"
time="2024-03-29T02:55:25+07:00" level=info msg="[/Users/fauzannurhidayat/Documents/Go-Lang/seblak-bombom-restful-api/internal/repository/repository.go:22 0.785131 0 SELECT * FROM `tokens` WHERE token = ?]"
time="2024-03-29T02:55:25+07:00" level=info msg="[/Users/fauzannurhidayat/Documents/Go-Lang/seblak-bombom-restful-api/internal/repository/repository.go:34 2.009057 0 SELECT * FROM `users` WHERE id = ? ORDER BY `users`.`id` LIMIT ?]"
time="2024-03-29T02:55:25+07:00" level=error msg="Not Found"
time="2024-03-29T02:55:38+07:00" level=info msg="[/Users/fauzannurhidayat/Documents/Go-Lang/seblak-bombom-restful-api/internal/repository/repository.go:22 0.644215 1 SELECT * FROM `tokens` WHERE token = ?]"
time="2024-03-29T02:55:38+07:00" level=info msg="[/Users/fauzannurhidayat/Documents/Go-Lang/seblak-bombom-restful-api/internal/repository/repository.go:34 0.858896 1 SELECT * FROM `users` WHERE id = ? ORDER BY `users`.`id` LIMIT ?]"
